<?xml version="1.0" encoding="UTF-8"?>
<testsuite xmlns:xsi="http://www.w3.org/2001/XMLSchema-instance" xsi:noNamespaceSchemaLocation="https://maven.apache.org/surefire/maven-surefire-plugin/xsd/surefire-test-report-3.0.xsd" version="3.0" name="com.firstproject.QA.TestCases.RegistrationTest" time="9.142" tests="1" errors="0" skipped="0" failures="0">
  <properties>
[...]
</properties>
  <testcase name="FbRegistrationPageTest" classname="com.firstproject.QA.TestCases.RegistrationTest" time="0.643">
    <system-out><![CDATA[VerifyFbRegistrationPageFbLogo
VerifyFbRegistrationPageTagline
VerifyFbRegistrationPageAlreadyAccountLink
VerifyFbRegistrationPageFooterLinks
SetFbRegistrationPageFirstname
SetFbRegistrationPageLastname
SetFbRegistrationPageMobileEmail
SetFbRegistrationPagePassword
SetFbRegistrationPageBirthDate
SetFbRegistrationPageBirthMonth
SetFbRegistrationPageBirthYear
SetFbRegistrationPageGender
ClickFbRegistrationPageLoginBtn
]]></system-out>
    <system-err><![CDATA[Starting ChromeDriver 109.0.5414.74 (e7c5703604daa9cc128ccf5a5d3e993513758913-refs/branch-heads/5414@{#1172}) on port 18218
Only local connections are allowed.
Please see https://chromedriver.chromium.org/security-considerations for suggestions on keeping ChromeDriver safe.
ChromeDriver was started successfully.
Jan 19, 2023 11:12:28 AM org.openqa.selenium.remote.ProtocolHandshake createSession
INFO: Detected dialect: W3C
]]></system-err>
  </testcase>
</testsuite>