<?xml version="1.0" encoding="UTF-8"?>
<testng-results total="1" passed="1" failed="0" skipped="0">
  <reporter-output>
    <line>
      <![CDATA[VerifyFbRegistrationPageFbLogo]]>
    </line>
    <line>
      <![CDATA[VerifyFbRegistrationPageTagline]]>
    </line>
    <line>
      <![CDATA[VerifyFbRegistrationPageAlreadyAccountLink]]>
    </line>
    <line>
      <![CDATA[VerifyFbRegistrationPageFooterLinks]]>
    </line>
    <line>
      <![CDATA[SetFbRegistrationPageFirstname]]>
    </line>
    <line>
      <![CDATA[SetFbRegistrationPageLastname]]>
    </line>
    <line>
      <![CDATA[SetFbRegistrationPageMobileEmail]]>
    </line>
    <line>
      <![CDATA[SetFbRegistrationPagePassword]]>
    </line>
    <line>
      <![CDATA[SetFbRegistrationPageBirthDate]]>
    </line>
    <line>
      <![CDATA[SetFbRegistrationPageBirthMonth]]>
    </line>
    <line>
      <![CDATA[SetFbRegistrationPageBirthYear]]>
    </line>
    <line>
      <![CDATA[SetFbRegistrationPageGender]]>
    </line>
    <line>
      <![CDATA[ClickFbRegistrationPageLoginBtn]]>
    </line>
  </reporter-output>
  <suite started-at="2023-02-13T14:42:02Z" name="Default suite" finished-at="2023-02-13T14:42:07Z" duration-ms="5086">
    <groups>
    </groups>
    <test started-at="2023-02-13T14:42:02Z" name="Default test" finished-at="2023-02-13T14:42:07Z" duration-ms="5086">
      <class name="com.firstproject.QA.TestCases.RegistrationTest">
        <test-method is-config="true" signature="bsetup()" started-at="2023-02-13T14:42:02Z" name="bsetup" finished-at="2023-02-13T14:42:05Z" duration-ms="2830" status="PASS">
        </test-method>
        <test-method signature="FbRegistrationPageTest()" started-at="2023-02-13T14:42:05Z" name="FbRegistrationPageTest" finished-at="2023-02-13T14:42:07Z" duration-ms="1843" status="PASS">
        </test-method>
        <test-method is-config="true" signature="bclose()" started-at="2023-02-13T14:42:07Z" name="bclose" finished-at="2023-02-13T14:42:07Z" duration-ms="405" status="PASS">
        </test-method>
      </class>
    </test>
  </suite>
</testng-results>
